#separator \x09
#set_separator	,
#empty_field	(empty)
#unset_field	-
#path	dns
#open	2024-12-15-14-26-29
#fields	ts	uid	id.orig_h	id.orig_p	id.resp_h	id.resp_p	proto	trans_id	rtt	query	qclass	qclass_name	qtype	qtype_name	rcode	rcode_name	AA	TC	RD	RA	Z	answers	TTLs	rejected
#types	time	string	addr	port	addr	port	enum	count	interval	string	count	string	count	string	count	string	bool	bool	bool	bool	count	vector[string]	vector[interval]	bool
1734236788.330974	Ca5cYv43vOPkC4OsVf	fe80::1	5353	ff02::fb	5353	udp	0	-	sai’s laptop._companion-link._tcp.local	1	C_INTERNET	16	TXT	0	NOERROR	T	F	F	F	0	TXT 7 rpMac=0 TXT 17 rpHN=b4785c8b8dc7 TXT 12 rpFl=0x20040 TXT 17 rpHA=2ce8f96eb325 TXT 10 rpVr=541.1 TXT 17 rpAD=d1375793b1ad TXT 17 rpHI=f083cd02b69e TXT 22 rpBA=7A:73:AF:EA:6B:FC	4500.000000	F
1734236787.334900	CBBprF4iBpZrcgUxGk	fe80::1454:9eae:66c1:97f0	5353	ff02::fb	5353	udp	0	-	sai’s laptop._companion-link._tcp.local	-	-	-	-	0	NOERROR	T	F	F	F	0	TXT 7 rpMac=0 TXT 17 rpHN=b4785c8b8dc7 TXT 12 rpFl=0x20040 TXT 17 rpHA=2ce8f96eb325 TXT 10 rpVr=541.1 TXT 17 rpAD=d1375793b1ad TXT 17 rpHI=f083cd02b69e TXT 22 rpBA=7A:73:AF:EA:6B:FC	4500.000000	F
1734236787.334900	CBBprF4iBpZrcgUxGk	fe80::1454:9eae:66c1:97f0	5353	ff02::fb	5353	udp	0	-	sai’s laptop._companion-link._tcp.local	-	-	-	-	0	NOERROR	T	F	F	F	0	TXT 7 rpMac=0 TXT 17 rpHN=b4785c8b8dc7 TXT 12 rpFl=0x20040 TXT 17 rpHA=2ce8f96eb325 TXT 10 rpVr=541.1 TXT 17 rpAD=d1375793b1ad TXT 17 rpHI=f083cd02b69e TXT 22 rpBA=7A:73:AF:EA:6B:FC	4500.000000	F
1734236787.334900	CBBprF4iBpZrcgUxGk	fe80::1454:9eae:66c1:97f0	5353	ff02::fb	5353	udp	0	-	sai’s laptop._companion-link._tcp.local	-	-	-	-	0	NOERROR	T	F	F	F	0	TXT 7 rpMac=0 TXT 17 rpHN=b4785c8b8dc7 TXT 12 rpFl=0x20040 TXT 17 rpHA=2ce8f96eb325 TXT 10 rpVr=541.1 TXT 17 rpAD=d1375793b1ad TXT 17 rpHI=f083cd02b69e TXT 22 rpBA=7A:73:AF:EA:6B:FC	4500.000000	F
1734236787.334900	CBBprF4iBpZrcgUxGk	fe80::1454:9eae:66c1:97f0	5353	ff02::fb	5353	udp	0	-	sai’s laptop._companion-link._tcp.local	-	-	-	-	0	NOERROR	T	F	F	F	0	TXT 7 rpMac=0 TXT 17 rpHN=b4785c8b8dc7 TXT 12 rpFl=0x20040 TXT 17 rpHA=2ce8f96eb325 TXT 10 rpVr=541.1 TXT 17 rpAD=d1375793b1ad TXT 17 rpHI=f083cd02b69e TXT 22 rpBA=7A:73:AF:EA:6B:FC	4500.000000	F
1734236788.330974	CBBprF4iBpZrcgUxGk	fe80::1454:9eae:66c1:97f0	5353	ff02::fb	5353	udp	0	-	sai’s laptop._companion-link._tcp.local	-	-	-	-	0	NOERROR	T	F	F	F	0	TXT 7 rpMac=0 TXT 17 rpHN=b4785c8b8dc7 TXT 12 rpFl=0x20040 TXT 17 rpHA=2ce8f96eb325 TXT 10 rpVr=541.1 TXT 17 rpAD=d1375793b1ad TXT 17 rpHI=f083cd02b69e TXT 22 rpBA=7A:73:AF:EA:6B:FC	4500.000000	F
1734236790.503087	CBBprF4iBpZrcgUxGk	fe80::1454:9eae:66c1:97f0	5353	ff02::fb	5353	udp	0	-	sai’s laptop._companion-link._tcp.local	-	-	-	-	0	NOERROR	T	F	F	F	0	TXT 7 rpMac=0 TXT 17 rpHN=b4785c8b8dc7 TXT 12 rpFl=0x20040 TXT 17 rpHA=2ce8f96eb325 TXT 10 rpVr=541.1 TXT 17 rpAD=d1375793b1ad TXT 17 rpHI=f083cd02b69e TXT 22 rpBA=7A:73:AF:EA:6B:FC	4500.000000	F
1734236793.981065	CBBprF4iBpZrcgUxGk	fe80::1454:9eae:66c1:97f0	5353	ff02::fb	5353	udp	0	-	sai’s laptop._companion-link._tcp.local	-	-	-	-	0	NOERROR	T	F	F	F	0	TXT 7 rpMac=0 TXT 17 rpHN=b4785c8b8dc7 TXT 12 rpFl=0x20040 TXT 17 rpHA=2ce8f96eb325 TXT 10 rpVr=541.1 TXT 17 rpAD=d1375793b1ad TXT 17 rpHI=f083cd02b69e TXT 22 rpBA=7A:73:AF:EA:6B:FC	4500.000000	F
1734236789.457635	Ca5cYv43vOPkC4OsVf	fe80::1	5353	ff02::fb	5353	udp	0	-	sai’s laptop._companion-link._tcp.local	-	-	-	-	0	NOERROR	T	F	F	F	0	TXT 7 rpMac=0 TXT 17 rpHN=b4785c8b8dc7 TXT 12 rpFl=0x20040 TXT 17 rpHA=2ce8f96eb325 TXT 10 rpVr=541.1 TXT 17 rpAD=d1375793b1ad TXT 17 rpHI=f083cd02b69e TXT 22 rpBA=7A:73:AF:EA:6B:FC	4500.000000	F
1734236790.503087	Ca5cYv43vOPkC4OsVf	fe80::1	5353	ff02::fb	5353	udp	0	-	sai’s laptop._companion-link._tcp.local	-	-	-	-	0	NOERROR	T	F	F	F	0	TXT 7 rpMac=0 TXT 17 rpHN=b4785c8b8dc7 TXT 12 rpFl=0x20040 TXT 17 rpHA=2ce8f96eb325 TXT 10 rpVr=541.1 TXT 17 rpAD=d1375793b1ad TXT 17 rpHI=f083cd02b69e TXT 22 rpBA=7A:73:AF:EA:6B:FC	4500.000000	F
1734236793.980439	Ca5cYv43vOPkC4OsVf	fe80::1	5353	ff02::fb	5353	udp	0	-	sai’s laptop._companion-link._tcp.local	-	-	-	-	0	NOERROR	T	F	F	F	0	TXT 7 rpMac=0 TXT 17 rpHN=b4785c8b8dc7 TXT 12 rpFl=0x20040 TXT 17 rpHA=2ce8f96eb325 TXT 10 rpVr=541.1 TXT 17 rpAD=d1375793b1ad TXT 17 rpHI=f083cd02b69e TXT 22 rpBA=7A:73:AF:EA:6B:FC	4500.000000	F
1734236788.330974	Cfte7L17KTKI8Eu284	fe80::50a6:d8ff:fe2b:a64	5353	ff02::fb	5353	udp	0	-	sai’s laptop._companion-link._tcp.local	-	-	-	-	0	NOERROR	T	F	F	F	0	TXT 7 rpMac=0 TXT 17 rpHN=b4785c8b8dc7 TXT 12 rpFl=0x20040 TXT 17 rpHA=2ce8f96eb325 TXT 10 rpVr=541.1 TXT 17 rpAD=d1375793b1ad TXT 17 rpHI=f083cd02b69e TXT 22 rpBA=7A:73:AF:EA:6B:FC	4500.000000	F
1734236790.503087	Cfte7L17KTKI8Eu284	fe80::50a6:d8ff:fe2b:a64	5353	ff02::fb	5353	udp	0	-	sai’s laptop._companion-link._tcp.local	-	-	-	-	0	NOERROR	T	F	F	F	0	TXT 7 rpMac=0 TXT 17 rpHN=b4785c8b8dc7 TXT 12 rpFl=0x20040 TXT 17 rpHA=2ce8f96eb325 TXT 10 rpVr=541.1 TXT 17 rpAD=d1375793b1ad TXT 17 rpHI=f083cd02b69e TXT 22 rpBA=7A:73:AF:EA:6B:FC	4500.000000	F
1734236793.980675	Cfte7L17KTKI8Eu284	fe80::50a6:d8ff:fe2b:a64	5353	ff02::fb	5353	udp	0	-	sai’s laptop._companion-link._tcp.local	-	-	-	-	0	NOERROR	T	F	F	F	0	TXT 7 rpMac=0 TXT 17 rpHN=b4785c8b8dc7 TXT 12 rpFl=0x20040 TXT 17 rpHA=2ce8f96eb325 TXT 10 rpVr=541.1 TXT 17 rpAD=d1375793b1ad TXT 17 rpHI=f083cd02b69e TXT 22 rpBA=7A:73:AF:EA:6B:FC	4500.000000	F
1734236788.330974	CKvEwAiqZhyYDXyW2	fe80::70a6:d8ff:feb2:11a	5353	ff02::fb	5353	udp	0	-	sai’s laptop._companion-link._tcp.local	-	-	-	-	0	NOERROR	T	F	F	F	0	TXT 7 rpMac=0 TXT 17 rpHN=b4785c8b8dc7 TXT 12 rpFl=0x20040 TXT 17 rpHA=2ce8f96eb325 TXT 10 rpVr=541.1 TXT 17 rpAD=d1375793b1ad TXT 17 rpHI=f083cd02b69e TXT 22 rpBA=7A:73:AF:EA:6B:FC	4500.000000	F
1734236790.503087	CKvEwAiqZhyYDXyW2	fe80::70a6:d8ff:feb2:11a	5353	ff02::fb	5353	udp	0	-	sai’s laptop._companion-link._tcp.local	-	-	-	-	0	NOERROR	T	F	F	F	0	TXT 7 rpMac=0 TXT 17 rpHN=b4785c8b8dc7 TXT 12 rpFl=0x20040 TXT 17 rpHA=2ce8f96eb325 TXT 10 rpVr=541.1 TXT 17 rpAD=d1375793b1ad TXT 17 rpHI=f083cd02b69e TXT 22 rpBA=7A:73:AF:EA:6B:FC	4500.000000	F
1734236793.980835	CKvEwAiqZhyYDXyW2	fe80::70a6:d8ff:feb2:11a	5353	ff02::fb	5353	udp	0	-	sai’s laptop._companion-link._tcp.local	-	-	-	-	0	NOERROR	T	F	F	F	0	TXT 7 rpMac=0 TXT 17 rpHN=b4785c8b8dc7 TXT 12 rpFl=0x20040 TXT 17 rpHA=2ce8f96eb325 TXT 10 rpVr=541.1 TXT 17 rpAD=d1375793b1ad TXT 17 rpHI=f083cd02b69e TXT 22 rpBA=7A:73:AF:EA:6B:FC	4500.000000	F
1734237179.139405	ChhnQq2CA8GvkfNNqk	fe80::247a:bdff:fe6d:a91a	5353	ff02::fb	5353	udp	0	-	clink-7a73afea6bfc._companion-link._tcp.local	-	-	-	-	0	NOERROR	T	F	F	F	0	5b84fd6a-c94e-492b-95a5-edf68dbbd4a7.local,fe80::247a:bdff:fe6d:a91a,5b84fd6a-c94e-492b-95a5-edf68dbbd4a7.local,TXT 22 rpBA=5F:FE:4E:D5:AA:49 TXT 10 rpFl=0x800 TXT 17 rpAD=d445288a764b TXT 10 rpVr=541.1,_companion-link._tcp.local,clink-7a73afea6bfc._companion-link._tcp.local	4500.000000,4500.000000,4500.000000,4500.000000,4500.000000,4500.000000	F
1734237180.135504	ChhnQq2CA8GvkfNNqk	fe80::247a:bdff:fe6d:a91a	5353	ff02::fb	5353	udp	0	-	clink-7a73afea6bfc._companion-link._tcp.local	-	-	-	-	0	NOERROR	T	F	F	F	0	5b84fd6a-c94e-492b-95a5-edf68dbbd4a7.local,fe80::247a:bdff:fe6d:a91a,5b84fd6a-c94e-492b-95a5-edf68dbbd4a7.local,TXT 22 rpBA=5F:FE:4E:D5:AA:49 TXT 10 rpFl=0x800 TXT 17 rpAD=d445288a764b TXT 10 rpVr=541.1,_companion-link._tcp.local,clink-7a73afea6bfc._companion-link._tcp.local	4500.000000,4500.000000,4500.000000,4500.000000,4500.000000,4500.000000	F
1734237180.440850	ChhnQq2CA8GvkfNNqk	fe80::247a:bdff:fe6d:a91a	5353	ff02::fb	5353	udp	0	-	_companion-link._tcp.local	-	-	-	-	0	NOERROR	T	F	F	F	0	clink-7a73afea6bfc._companion-link._tcp.local	0.000000	F
1734237182.441990	ChhnQq2CA8GvkfNNqk	fe80::247a:bdff:fe6d:a91a	5353	ff02::fb	5353	udp	0	-	_companion-link._tcp.local	-	-	-	-	0	NOERROR	T	F	F	F	0	clink-7a73afea6bfc._companion-link._tcp.local	0.000000	F
1734237183.167846	CC0TCX2Z5D6G0GsZE1	fe80::bc47:1dff:fe9f:b805	5353	ff02::fb	5353	udp	0	-	_companion-link._tcp.local	-	-	-	-	0	NOERROR	T	F	F	F	0	clink-7a73afea6bfc._companion-link._tcp.local	0.000000	F
1734237184.168905	CC0TCX2Z5D6G0GsZE1	fe80::bc47:1dff:fe9f:b805	5353	ff02::fb	5353	udp	0	-	_companion-link._tcp.local	-	-	-	-	0	NOERROR	T	F	F	F	0	clink-7a73afea6bfc._companion-link._tcp.local	0.000000	F
1734237185.169636	CC0TCX2Z5D6G0GsZE1	fe80::bc47:1dff:fe9f:b805	5353	ff02::fb	5353	udp	0	-	_companion-link._tcp.local	-	-	-	-	0	NOERROR	T	F	F	F	0	clink-7a73afea6bfc._companion-link._tcp.local	0.000000	F
1734237186.170693	CC0TCX2Z5D6G0GsZE1	fe80::bc47:1dff:fe9f:b805	5353	ff02::fb	5353	udp	0	-	_companion-link._tcp.local	-	-	-	-	0	NOERROR	T	F	F	F	0	clink-7a73afea6bfc._companion-link._tcp.local	0.000000	F
1734237808.094994	CwDO0j2AbfQxupCJL5	fe80::50a6:d8ff:fe2b:a64	5353	ff02::fb	5353	udp	0	-	sai’s laptop._companion-link._tcp.local	-	-	-	-	0	NOERROR	T	F	F	F	0	TXT 7 rpMac=0 TXT 17 rpHN=f1e07568d0b7 TXT 12 rpFl=0x20040 TXT 17 rpHA=b5e28f1bd696 TXT 10 rpVr=541.1 TXT 17 rpAD=4fd22e164db2 TXT 17 rpHI=b316d9749cc4 TXT 22 rpBA=FC:79:1B:5E:90:C2	4500.000000	F
1734237810.097843	CwDO0j2AbfQxupCJL5	fe80::50a6:d8ff:fe2b:a64	5353	ff02::fb	5353	udp	0	-	sai’s laptop._companion-link._tcp.local	-	-	-	-	0	NOERROR	T	F	F	F	0	TXT 7 rpMac=0 TXT 17 rpHN=f1e07568d0b7 TXT 12 rpFl=0x20040 TXT 17 rpHA=b5e28f1bd696 TXT 10 rpVr=541.1 TXT 17 rpAD=4fd22e164db2 TXT 17 rpHI=b316d9749cc4 TXT 22 rpBA=FC:79:1B:5E:90:C2	4500.000000	F
1734237814.097519	CwDO0j2AbfQxupCJL5	fe80::50a6:d8ff:fe2b:a64	5353	ff02::fb	5353	udp	0	-	sai’s laptop._companion-link._tcp.local	-	-	-	-	0	NOERROR	T	F	F	F	0	TXT 7 rpMac=0 TXT 17 rpHN=f1e07568d0b7 TXT 12 rpFl=0x20040 TXT 17 rpHA=b5e28f1bd696 TXT 10 rpVr=541.1 TXT 17 rpAD=4fd22e164db2 TXT 17 rpHI=b316d9749cc4 TXT 22 rpBA=FC:79:1B:5E:90:C2	4500.000000	F
1734237807.105620	CQya3v231MSIbp0Ebg	fe80::1454:9eae:66c1:97f0	5353	ff02::fb	5353	udp	0	-	sai’s laptop._companion-link._tcp.local	-	-	-	-	0	NOERROR	T	F	F	F	0	TXT 7 rpMac=0 TXT 17 rpHN=f1e07568d0b7 TXT 12 rpFl=0x20040 TXT 17 rpHA=b5e28f1bd696 TXT 10 rpVr=541.1 TXT 17 rpAD=4fd22e164db2 TXT 17 rpHI=b316d9749cc4 TXT 22 rpBA=FC:79:1B:5E:90:C2	4500.000000	F
1734237807.105690	CQya3v231MSIbp0Ebg	fe80::1454:9eae:66c1:97f0	5353	ff02::fb	5353	udp	0	-	sai’s laptop._companion-link._tcp.local	-	-	-	-	0	NOERROR	T	F	F	F	0	TXT 7 rpMac=0 TXT 17 rpHN=f1e07568d0b7 TXT 12 rpFl=0x20040 TXT 17 rpHA=b5e28f1bd696 TXT 10 rpVr=541.1 TXT 17 rpAD=4fd22e164db2 TXT 17 rpHI=b316d9749cc4 TXT 22 rpBA=FC:79:1B:5E:90:C2	4500.000000	F
1734237807.105701	CQya3v231MSIbp0Ebg	fe80::1454:9eae:66c1:97f0	5353	ff02::fb	5353	udp	0	-	sai’s laptop._companion-link._tcp.local	-	-	-	-	0	NOERROR	T	F	F	F	0	TXT 7 rpMac=0 TXT 17 rpHN=f1e07568d0b7 TXT 12 rpFl=0x20040 TXT 17 rpHA=b5e28f1bd696 TXT 10 rpVr=541.1 TXT 17 rpAD=4fd22e164db2 TXT 17 rpHI=b316d9749cc4 TXT 22 rpBA=FC:79:1B:5E:90:C2	4500.000000	F
1734237807.105711	CQya3v231MSIbp0Ebg	fe80::1454:9eae:66c1:97f0	5353	ff02::fb	5353	udp	0	-	sai’s laptop._companion-link._tcp.local	-	-	-	-	0	NOERROR	T	F	F	F	0	TXT 7 rpMac=0 TXT 17 rpHN=f1e07568d0b7 TXT 12 rpFl=0x20040 TXT 17 rpHA=b5e28f1bd696 TXT 10 rpVr=541.1 TXT 17 rpAD=4fd22e164db2 TXT 17 rpHI=b316d9749cc4 TXT 22 rpBA=FC:79:1B:5E:90:C2	4500.000000	F
1734237808.095244	CQya3v231MSIbp0Ebg	fe80::1454:9eae:66c1:97f0	5353	ff02::fb	5353	udp	0	-	sai’s laptop._companion-link._tcp.local	-	-	-	-	0	NOERROR	T	F	F	F	0	TXT 7 rpMac=0 TXT 17 rpHN=f1e07568d0b7 TXT 12 rpFl=0x20040 TXT 17 rpHA=b5e28f1bd696 TXT 10 rpVr=541.1 TXT 17 rpAD=4fd22e164db2 TXT 17 rpHI=b316d9749cc4 TXT 22 rpBA=FC:79:1B:5E:90:C2	4500.000000	F
1734237810.098850	CQya3v231MSIbp0Ebg	fe80::1454:9eae:66c1:97f0	5353	ff02::fb	5353	udp	0	-	sai’s laptop._companion-link._tcp.local	-	-	-	-	0	NOERROR	T	F	F	F	0	TXT 7 rpMac=0 TXT 17 rpHN=f1e07568d0b7 TXT 12 rpFl=0x20040 TXT 17 rpHA=b5e28f1bd696 TXT 10 rpVr=541.1 TXT 17 rpAD=4fd22e164db2 TXT 17 rpHI=b316d9749cc4 TXT 22 rpBA=FC:79:1B:5E:90:C2	4500.000000	F
1734237814.097803	CQya3v231MSIbp0Ebg	fe80::1454:9eae:66c1:97f0	5353	ff02::fb	5353	udp	0	-	sai’s laptop._companion-link._tcp.local	-	-	-	-	0	NOERROR	T	F	F	F	0	TXT 7 rpMac=0 TXT 17 rpHN=f1e07568d0b7 TXT 12 rpFl=0x20040 TXT 17 rpHA=b5e28f1bd696 TXT 10 rpVr=541.1 TXT 17 rpAD=4fd22e164db2 TXT 17 rpHI=b316d9749cc4 TXT 22 rpBA=FC:79:1B:5E:90:C2	4500.000000	F
1734237808.094835	CDpG5QA30MMtWomD5	fe80::1	5353	ff02::fb	5353	udp	0	-	sai’s laptop._companion-link._tcp.local	-	-	-	-	0	NOERROR	T	F	F	F	0	TXT 7 rpMac=0 TXT 17 rpHN=f1e07568d0b7 TXT 12 rpFl=0x20040 TXT 17 rpHA=b5e28f1bd696 TXT 10 rpVr=541.1 TXT 17 rpAD=4fd22e164db2 TXT 17 rpHI=b316d9749cc4 TXT 22 rpBA=FC:79:1B:5E:90:C2	4500.000000	F
1734237810.097068	CDpG5QA30MMtWomD5	fe80::1	5353	ff02::fb	5353	udp	0	-	sai’s laptop._companion-link._tcp.local	-	-	-	-	0	NOERROR	T	F	F	F	0	TXT 7 rpMac=0 TXT 17 rpHN=f1e07568d0b7 TXT 12 rpFl=0x20040 TXT 17 rpHA=b5e28f1bd696 TXT 10 rpVr=541.1 TXT 17 rpAD=4fd22e164db2 TXT 17 rpHI=b316d9749cc4 TXT 22 rpBA=FC:79:1B:5E:90:C2	4500.000000	F
1734237814.097327	CDpG5QA30MMtWomD5	fe80::1	5353	ff02::fb	5353	udp	0	-	sai’s laptop._companion-link._tcp.local	-	-	-	-	0	NOERROR	T	F	F	F	0	TXT 7 rpMac=0 TXT 17 rpHN=f1e07568d0b7 TXT 12 rpFl=0x20040 TXT 17 rpHA=b5e28f1bd696 TXT 10 rpVr=541.1 TXT 17 rpAD=4fd22e164db2 TXT 17 rpHI=b316d9749cc4 TXT 22 rpBA=FC:79:1B:5E:90:C2	4500.000000	F
1734237808.095100	Cys0l11EtcHZSWAa51	fe80::70a6:d8ff:feb2:11a	5353	ff02::fb	5353	udp	0	-	sai’s laptop._companion-link._tcp.local	-	-	-	-	0	NOERROR	T	F	F	F	0	TXT 7 rpMac=0 TXT 17 rpHN=f1e07568d0b7 TXT 12 rpFl=0x20040 TXT 17 rpHA=b5e28f1bd696 TXT 10 rpVr=541.1 TXT 17 rpAD=4fd22e164db2 TXT 17 rpHI=b316d9749cc4 TXT 22 rpBA=FC:79:1B:5E:90:C2	4500.000000	F
1734237810.098177	Cys0l11EtcHZSWAa51	fe80::70a6:d8ff:feb2:11a	5353	ff02::fb	5353	udp	0	-	sai’s laptop._companion-link._tcp.local	-	-	-	-	0	NOERROR	T	F	F	F	0	TXT 7 rpMac=0 TXT 17 rpHN=f1e07568d0b7 TXT 12 rpFl=0x20040 TXT 17 rpHA=b5e28f1bd696 TXT 10 rpVr=541.1 TXT 17 rpAD=4fd22e164db2 TXT 17 rpHI=b316d9749cc4 TXT 22 rpBA=FC:79:1B:5E:90:C2	4500.000000	F
1734237814.097643	Cys0l11EtcHZSWAa51	fe80::70a6:d8ff:feb2:11a	5353	ff02::fb	5353	udp	0	-	sai’s laptop._companion-link._tcp.local	-	-	-	-	0	NOERROR	T	F	F	F	0	TXT 7 rpMac=0 TXT 17 rpHN=f1e07568d0b7 TXT 12 rpFl=0x20040 TXT 17 rpHA=b5e28f1bd696 TXT 10 rpVr=541.1 TXT 17 rpAD=4fd22e164db2 TXT 17 rpHI=b316d9749cc4 TXT 22 rpBA=FC:79:1B:5E:90:C2	4500.000000	F
1734237862.155100	CYYBK83oCnhwhutxW2	fe80::1454:9eae:66c1:97f0	5353	ff02::fb	5353	udp	0	-	_adisk._tcp.local	32769	qclass-32769	12	PTR	-	-	F	F	F	F	0	-	-	F
1734237862.155100	CYYBK83oCnhwhutxW2	fe80::1454:9eae:66c1:97f0	5353	ff02::fb	5353	udp	0	-	_adisk._tcp.local	32769	qclass-32769	12	PTR	-	-	F	F	F	F	0	-	-	F
1734237862.155100	CYYBK83oCnhwhutxW2	fe80::1454:9eae:66c1:97f0	5353	ff02::fb	5353	udp	0	-	_adisk._tcp.local	32769	qclass-32769	12	PTR	-	-	F	F	F	F	0	-	-	F
1734237862.155100	CYYBK83oCnhwhutxW2	fe80::1454:9eae:66c1:97f0	5353	ff02::fb	5353	udp	0	-	_adisk._tcp.local	32769	qclass-32769	12	PTR	-	-	F	F	F	F	0	-	-	F
1734237863.155641	CYYBK83oCnhwhutxW2	fe80::1454:9eae:66c1:97f0	5353	ff02::fb	5353	udp	0	-	_adisk._tcp.local	1	C_INTERNET	12	PTR	-	-	F	F	F	F	0	-	-	F
1734237866.338479	CYYBK83oCnhwhutxW2	fe80::1454:9eae:66c1:97f0	5353	ff02::fb	5353	udp	0	-	_adisk._tcp.local	1	C_INTERNET	12	PTR	-	-	F	F	F	F	0	-	-	F
1734237875.343346	CYYBK83oCnhwhutxW2	fe80::1454:9eae:66c1:97f0	5353	ff02::fb	5353	udp	0	-	_adisk._tcp.local	1	C_INTERNET	12	PTR	-	-	F	F	F	F	0	-	-	F
1734237863.155337	CFY3Zs1uaLarEas1Ib	fe80::70a6:d8ff:feb2:11a	5353	ff02::fb	5353	udp	0	-	_adisk._tcp.local	1	C_INTERNET	12	PTR	-	-	F	F	F	F	0	-	-	F
1734237866.338479	CFY3Zs1uaLarEas1Ib	fe80::70a6:d8ff:feb2:11a	5353	ff02::fb	5353	udp	0	-	_adisk._tcp.local	1	C_INTERNET	12	PTR	-	-	F	F	F	F	0	-	-	F
1734237875.343346	CFY3Zs1uaLarEas1Ib	fe80::70a6:d8ff:feb2:11a	5353	ff02::fb	5353	udp	0	-	_adisk._tcp.local	1	C_INTERNET	12	PTR	-	-	F	F	F	F	0	-	-	F
1734237863.155337	C9kUA9tAAJWrqpIf	fe80::50a6:d8ff:fe2b:a64	5353	ff02::fb	5353	udp	0	-	_adisk._tcp.local	1	C_INTERNET	12	PTR	-	-	F	F	F	F	0	-	-	F
1734237866.338479	C9kUA9tAAJWrqpIf	fe80::50a6:d8ff:fe2b:a64	5353	ff02::fb	5353	udp	0	-	_adisk._tcp.local	1	C_INTERNET	12	PTR	-	-	F	F	F	F	0	-	-	F
1734237875.343346	C9kUA9tAAJWrqpIf	fe80::50a6:d8ff:fe2b:a64	5353	ff02::fb	5353	udp	0	-	_adisk._tcp.local	1	C_INTERNET	12	PTR	-	-	F	F	F	F	0	-	-	F
1734237863.155337	CzhDqoHpbjwLxLLHl	fe80::1	5353	ff02::fb	5353	udp	0	-	_adisk._tcp.local	1	C_INTERNET	12	PTR	-	-	F	F	F	F	0	-	-	F
1734237866.338479	CzhDqoHpbjwLxLLHl	fe80::1	5353	ff02::fb	5353	udp	0	-	_adisk._tcp.local	1	C_INTERNET	12	PTR	-	-	F	F	F	F	0	-	-	F
1734237875.343346	CzhDqoHpbjwLxLLHl	fe80::1	5353	ff02::fb	5353	udp	0	-	_adisk._tcp.local	1	C_INTERNET	12	PTR	-	-	F	F	F	F	0	-	-	F
1734237902.784264	Cf3r3f2B8tmtzAWC6g	fe80::1454:9eae:66c1:97f0	5353	ff02::fb	5353	udp	0	-	_adisk._tcp.local	1	C_INTERNET	12	PTR	-	-	F	F	F	F	0	-	-	F
1734237902.784264	CVfcVj18mZlyN1e1J6	fe80::70a6:d8ff:feb2:11a	5353	ff02::fb	5353	udp	0	-	_adisk._tcp.local	1	C_INTERNET	12	PTR	-	-	F	F	F	F	0	-	-	F
1734237902.784264	C0k7pUHjuBgzNnnMl	fe80::50a6:d8ff:fe2b:a64	5353	ff02::fb	5353	udp	0	-	_adisk._tcp.local	1	C_INTERNET	12	PTR	-	-	F	F	F	F	0	-	-	F
1734237902.784264	CwS9AY29H1SxDzmcSg	fe80::1	5353	ff02::fb	5353	udp	0	-	_adisk._tcp.local	1	C_INTERNET	12	PTR	-	-	F	F	F	F	0	-	-	F
1734237984.015467	CUHxTG35CBo0p1pN57	fe80::1454:9eae:66c1:97f0	5353	ff02::fb	5353	udp	0	-	_adisk._tcp.local	1	C_INTERNET	12	PTR	-	-	F	F	F	F	0	-	-	F
1734237984.015467	CUHxTG35CBo0p1pN57	fe80::1454:9eae:66c1:97f0	5353	ff02::fb	5353	udp	0	-	_adisk._tcp.local	1	C_INTERNET	12	PTR	-	-	F	F	F	F	0	-	-	F
1734237984.015467	CUHxTG35CBo0p1pN57	fe80::1454:9eae:66c1:97f0	5353	ff02::fb	5353	udp	0	-	_adisk._tcp.local	1	C_INTERNET	12	PTR	-	-	F	F	F	F	0	-	-	F
1734237984.015467	CUHxTG35CBo0p1pN57	fe80::1454:9eae:66c1:97f0	5353	ff02::fb	5353	udp	0	-	_adisk._tcp.local	1	C_INTERNET	12	PTR	-	-	F	F	F	F	0	-	-	F
